<?xml version="1.0" encoding="UTF-8"?>
<!-- Generated by org.testng.reporters.JUnitReportReporter -->
<testsuite skipped="0" hostname="VincentdeMacBook-Pro.local" name="com.testCase.loginTest" tests="2" failures="0" timestamp="27 十月 2018 14:05:51 GMT" time="6.814" errors="0">
  <testcase name="testLigin" time="0.437" classname="com.testCase.loginTest"/>
  <testcase name="getLoginHome" time="6.377" classname="com.testCase.loginTest"/>
</testsuite> <!-- com.testCase.loginTest -->
